2015/02/27 09:42:39 [error] [exception.CException] exception 'CException' with message 'Either "author" or "updateOwnPost" does not exist.' in C:\Users\jhoo\Desktop\www\yiipro.git\trunk\framework\web\auth\CDbAuthManager.php:170
Stack trace:
#0 C:\Users\jhoo\Desktop\www\yiipro.git\trunk\framework\web\auth\CAuthItem.php(193): CDbAuthManager->addItemChild('author', 'updateOwnPost')
#1 C:\Users\jhoo\Desktop\www\yiipro.git\trunk\blog\protected\controllers\PostController.php(149): CAuthItem->addChild('updateOwnPost')
#2 C:\Users\jhoo\Desktop\www\yiipro.git\trunk\framework\web\actions\CInlineAction.php(49): PostController->actionIndex()
#3 C:\Users\jhoo\Desktop\www\yiipro.git\trunk\framework\web\CController.php(308): CInlineAction->runWithParams(Array)
#4 C:\Users\jhoo\Desktop\www\yiipro.git\trunk\framework\web\filters\CFilterChain.php(133): CController->runAction(Object(CInlineAction))
#5 C:\Users\jhoo\Desktop\www\yiipro.git\trunk\framework\web\filters\CFilter.php(40): CFilterChain->run()
#6 C:\Users\jhoo\Desktop\www\yiipro.git\trunk\framework\web\CController.php(1145): CFilter->filter(Object(CFilterChain))
#7 C:\Users\jhoo\Desktop\www\yiipro.git\trunk\framework\web\filters\CInlineFilter.php(58): CController->filterAccessControl(Object(CFilterChain))
#8 C:\Users\jhoo\Desktop\www\yiipro.git\trunk\framework\web\filters\CFilterChain.php(130): CInlineFilter->filter(Object(CFilterChain))
#9 C:\Users\jhoo\Desktop\www\yiipro.git\trunk\framework\web\CController.php(291): CFilterChain->run()
#10 C:\Users\jhoo\Desktop\www\yiipro.git\trunk\framework\web\CController.php(265): CController->runActionWithFilters(Object(CInlineAction), Array)
#11 C:\Users\jhoo\Desktop\www\yiipro.git\trunk\framework\web\CWebApplication.php(282): CController->run('')
#12 C:\Users\jhoo\Desktop\www\yiipro.git\trunk\framework\web\CWebApplication.php(141): CWebApplication->runController('')
#13 C:\Users\jhoo\Desktop\www\yiipro.git\trunk\framework\base\CApplication.php(184): CWebApplication->processRequest()
#14 C:\Users\jhoo\Desktop\www\yiipro.git\trunk\blog\index.php(11): CApplication->run()
#15 {main}
REQUEST_URI=/
---
2015/02/27 09:44:23 [error] [exception.CException] exception 'CException' with message 'Either "author" or "updateOwnPost1" does not exist.' in C:\Users\jhoo\Desktop\www\yiipro.git\trunk\framework\web\auth\CDbAuthManager.php:170
Stack trace:
#0 C:\Users\jhoo\Desktop\www\yiipro.git\trunk\framework\web\auth\CAuthItem.php(193): CDbAuthManager->addItemChild('author', 'updateOwnPost1')
#1 C:\Users\jhoo\Desktop\www\yiipro.git\trunk\blog\protected\controllers\PostController.php(149): CAuthItem->addChild('updateOwnPost1')
#2 C:\Users\jhoo\Desktop\www\yiipro.git\trunk\framework\web\actions\CInlineAction.php(49): PostController->actionIndex()
#3 C:\Users\jhoo\Desktop\www\yiipro.git\trunk\framework\web\CController.php(308): CInlineAction->runWithParams(Array)
#4 C:\Users\jhoo\Desktop\www\yiipro.git\trunk\framework\web\filters\CFilterChain.php(133): CController->runAction(Object(CInlineAction))
#5 C:\Users\jhoo\Desktop\www\yiipro.git\trunk\framework\web\filters\CFilter.php(40): CFilterChain->run()
#6 C:\Users\jhoo\Desktop\www\yiipro.git\trunk\framework\web\CController.php(1145): CFilter->filter(Object(CFilterChain))
#7 C:\Users\jhoo\Desktop\www\yiipro.git\trunk\framework\web\filters\CInlineFilter.php(58): CController->filterAccessControl(Object(CFilterChain))
#8 C:\Users\jhoo\Desktop\www\yiipro.git\trunk\framework\web\filters\CFilterChain.php(130): CInlineFilter->filter(Object(CFilterChain))
#9 C:\Users\jhoo\Desktop\www\yiipro.git\trunk\framework\web\CController.php(291): CFilterChain->run()
#10 C:\Users\jhoo\Desktop\www\yiipro.git\trunk\framework\web\CController.php(265): CController->runActionWithFilters(Object(CInlineAction), Array)
#11 C:\Users\jhoo\Desktop\www\yiipro.git\trunk\framework\web\CWebApplication.php(282): CController->run('')
#12 C:\Users\jhoo\Desktop\www\yiipro.git\trunk\framework\web\CWebApplication.php(141): CWebApplication->runController('')
#13 C:\Users\jhoo\Desktop\www\yiipro.git\trunk\framework\base\CApplication.php(184): CWebApplication->processRequest()
#14 C:\Users\jhoo\Desktop\www\yiipro.git\trunk\blog\index.php(11): CApplication->run()
#15 {main}
REQUEST_URI=/
---
2015/02/27 09:46:40 [error] [exception.CException] exception 'CException' with message 'Either "author" or "updateOwnPost1" does not exist.' in C:\Users\jhoo\Desktop\www\yiipro.git\trunk\framework\web\auth\CDbAuthManager.php:170
Stack trace:
#0 C:\Users\jhoo\Desktop\www\yiipro.git\trunk\framework\web\auth\CAuthItem.php(193): CDbAuthManager->addItemChild('author', 'updateOwnPost1')
#1 C:\Users\jhoo\Desktop\www\yiipro.git\trunk\blog\protected\controllers\PostController.php(149): CAuthItem->addChild('updateOwnPost1')
#2 C:\Users\jhoo\Desktop\www\yiipro.git\trunk\framework\web\actions\CInlineAction.php(49): PostController->actionIndex()
#3 C:\Users\jhoo\Desktop\www\yiipro.git\trunk\framework\web\CController.php(308): CInlineAction->runWithParams(Array)
#4 C:\Users\jhoo\Desktop\www\yiipro.git\trunk\framework\web\filters\CFilterChain.php(133): CController->runAction(Object(CInlineAction))
#5 C:\Users\jhoo\Desktop\www\yiipro.git\trunk\framework\web\filters\CFilter.php(40): CFilterChain->run()
#6 C:\Users\jhoo\Desktop\www\yiipro.git\trunk\framework\web\CController.php(1145): CFilter->filter(Object(CFilterChain))
#7 C:\Users\jhoo\Desktop\www\yiipro.git\trunk\framework\web\filters\CInlineFilter.php(58): CController->filterAccessControl(Object(CFilterChain))
#8 C:\Users\jhoo\Desktop\www\yiipro.git\trunk\framework\web\filters\CFilterChain.php(130): CInlineFilter->filter(Object(CFilterChain))
#9 C:\Users\jhoo\Desktop\www\yiipro.git\trunk\framework\web\CController.php(291): CFilterChain->run()
#10 C:\Users\jhoo\Desktop\www\yiipro.git\trunk\framework\web\CController.php(265): CController->runActionWithFilters(Object(CInlineAction), Array)
#11 C:\Users\jhoo\Desktop\www\yiipro.git\trunk\framework\web\CWebApplication.php(282): CController->run('')
#12 C:\Users\jhoo\Desktop\www\yiipro.git\trunk\framework\web\CWebApplication.php(141): CWebApplication->runController('')
#13 C:\Users\jhoo\Desktop\www\yiipro.git\trunk\framework\base\CApplication.php(184): CWebApplication->processRequest()
#14 C:\Users\jhoo\Desktop\www\yiipro.git\trunk\blog\index.php(11): CApplication->run()
#15 {main}
REQUEST_URI=/
---
2015/02/27 09:47:18 [error] [exception.CException] exception 'CException' with message 'Either "author" or "updateOwnPost1" does not exist.' in C:\Users\jhoo\Desktop\www\yiipro.git\trunk\framework\web\auth\CDbAuthManager.php:170
Stack trace:
#0 C:\Users\jhoo\Desktop\www\yiipro.git\trunk\framework\web\auth\CAuthItem.php(193): CDbAuthManager->addItemChild('author', 'updateOwnPost1')
#1 C:\Users\jhoo\Desktop\www\yiipro.git\trunk\blog\protected\controllers\PostController.php(149): CAuthItem->addChild('updateOwnPost1')
#2 C:\Users\jhoo\Desktop\www\yiipro.git\trunk\framework\web\actions\CInlineAction.php(49): PostController->actionIndex()
#3 C:\Users\jhoo\Desktop\www\yiipro.git\trunk\framework\web\CController.php(308): CInlineAction->runWithParams(Array)
#4 C:\Users\jhoo\Desktop\www\yiipro.git\trunk\framework\web\filters\CFilterChain.php(133): CController->runAction(Object(CInlineAction))
#5 C:\Users\jhoo\Desktop\www\yiipro.git\trunk\framework\web\filters\CFilter.php(40): CFilterChain->run()
#6 C:\Users\jhoo\Desktop\www\yiipro.git\trunk\framework\web\CController.php(1145): CFilter->filter(Object(CFilterChain))
#7 C:\Users\jhoo\Desktop\www\yiipro.git\trunk\framework\web\filters\CInlineFilter.php(58): CController->filterAccessControl(Object(CFilterChain))
#8 C:\Users\jhoo\Desktop\www\yiipro.git\trunk\framework\web\filters\CFilterChain.php(130): CInlineFilter->filter(Object(CFilterChain))
#9 C:\Users\jhoo\Desktop\www\yiipro.git\trunk\framework\web\CController.php(291): CFilterChain->run()
#10 C:\Users\jhoo\Desktop\www\yiipro.git\trunk\framework\web\CController.php(265): CController->runActionWithFilters(Object(CInlineAction), Array)
#11 C:\Users\jhoo\Desktop\www\yiipro.git\trunk\framework\web\CWebApplication.php(282): CController->run('')
#12 C:\Users\jhoo\Desktop\www\yiipro.git\trunk\framework\web\CWebApplication.php(141): CWebApplication->runController('')
#13 C:\Users\jhoo\Desktop\www\yiipro.git\trunk\framework\base\CApplication.php(184): CWebApplication->processRequest()
#14 C:\Users\jhoo\Desktop\www\yiipro.git\trunk\blog\index.php(11): CApplication->run()
#15 {main}
REQUEST_URI=/
---
2015/02/27 09:47:21 [error] [system.db.CDbCommand] CDbCommand::execute() failed: SQLSTATE[23000]: Integrity constraint violation: 1062 Duplicate entry 'createPost' for key 'PRIMARY'. The SQL statement executed was: INSERT INTO `tbl_authitem` (`name`, `type`, `description`, `bizrule`, `data`) VALUES (:name, :type, :description, :bizrule, :data).
2015/02/27 09:47:21 [error] [exception.CDbException] exception 'CDbException' with message 'CDbCommand failed to execute the SQL statement: SQLSTATE[23000]: Integrity constraint violation: 1062 Duplicate entry 'createPost' for key 'PRIMARY'' in C:\Users\jhoo\Desktop\www\yiipro.git\trunk\framework\db\CDbCommand.php:358
Stack trace:
#0 C:\Users\jhoo\Desktop\www\yiipro.git\trunk\framework\db\CDbCommand.php(1278): CDbCommand->execute(Array)
#1 C:\Users\jhoo\Desktop\www\yiipro.git\trunk\framework\web\auth\CDbAuthManager.php(444): CDbCommand->insert('tbl_authitem', Array)
#2 C:\Users\jhoo\Desktop\www\yiipro.git\trunk\framework\web\auth\CAuthManager.php(100): CDbAuthManager->createAuthItem('createPost', 0, 'create a post', NULL, NULL)
#3 C:\Users\jhoo\Desktop\www\yiipro.git\trunk\blog\protected\controllers\PostController.php(125): CAuthManager->createOperation('createPost', 'create a post')
#4 C:\Users\jhoo\Desktop\www\yiipro.git\trunk\framework\web\actions\CInlineAction.php(49): PostController->actionIndex()
#5 C:\Users\jhoo\Desktop\www\yiipro.git\trunk\framework\web\CController.php(308): CInlineAction->runWithParams(Array)
#6 C:\Users\jhoo\Desktop\www\yiipro.git\trunk\framework\web\filters\CFilterChain.php(133): CController->runAction(Object(CInlineAction))
#7 C:\Users\jhoo\Desktop\www\yiipro.git\trunk\framework\web\filters\CFilter.php(40): CFilterChain->run()
#8 C:\Users\jhoo\Desktop\www\yiipro.git\trunk\framework\web\CController.php(1145): CFilter->filter(Object(CFilterChain))
#9 C:\Users\jhoo\Desktop\www\yiipro.git\trunk\framework\web\filters\CInlineFilter.php(58): CController->filterAccessControl(Object(CFilterChain))
#10 C:\Users\jhoo\Desktop\www\yiipro.git\trunk\framework\web\filters\CFilterChain.php(130): CInlineFilter->filter(Object(CFilterChain))
#11 C:\Users\jhoo\Desktop\www\yiipro.git\trunk\framework\web\CController.php(291): CFilterChain->run()
#12 C:\Users\jhoo\Desktop\www\yiipro.git\trunk\framework\web\CController.php(265): CController->runActionWithFilters(Object(CInlineAction), Array)
#13 C:\Users\jhoo\Desktop\www\yiipro.git\trunk\framework\web\CWebApplication.php(282): CController->run('')
#14 C:\Users\jhoo\Desktop\www\yiipro.git\trunk\framework\web\CWebApplication.php(141): CWebApplication->runController('')
#15 C:\Users\jhoo\Desktop\www\yiipro.git\trunk\framework\base\CApplication.php(184): CWebApplication->processRequest()
#16 C:\Users\jhoo\Desktop\www\yiipro.git\trunk\blog\index.php(11): CApplication->run()
#17 {main}
REQUEST_URI=/
---
2015/02/27 09:49:01 [error] [php] Undefined variable: task (C:\Users\jhoo\Desktop\www\yiipro.git\trunk\blog\protected\controllers\PostController.php:138)
Stack trace:
#0 C:\Users\jhoo\Desktop\www\yiipro.git\trunk\framework\web\filters\CFilterChain.php(133): PostController->runAction()
#1 C:\Users\jhoo\Desktop\www\yiipro.git\trunk\framework\web\filters\CFilter.php(40): CFilterChain->run()
#2 C:\Users\jhoo\Desktop\www\yiipro.git\trunk\framework\web\CController.php(1145): CAccessControlFilter->filter()
#3 C:\Users\jhoo\Desktop\www\yiipro.git\trunk\framework\web\filters\CInlineFilter.php(58): PostController->filterAccessControl()
#4 C:\Users\jhoo\Desktop\www\yiipro.git\trunk\framework\web\filters\CFilterChain.php(130): CInlineFilter->filter()
#5 C:\Users\jhoo\Desktop\www\yiipro.git\trunk\framework\web\CController.php(291): CFilterChain->run()
#6 C:\Users\jhoo\Desktop\www\yiipro.git\trunk\framework\web\CController.php(265): PostController->runActionWithFilters()
#7 C:\Users\jhoo\Desktop\www\yiipro.git\trunk\framework\web\CWebApplication.php(282): PostController->run()
#8 C:\Users\jhoo\Desktop\www\yiipro.git\trunk\framework\web\CWebApplication.php(141): CWebApplication->runController()
#9 C:\Users\jhoo\Desktop\www\yiipro.git\trunk\framework\base\CApplication.php(184): CWebApplication->processRequest()
#10 C:\Users\jhoo\Desktop\www\yiipro.git\trunk\blog\index.php(11): CWebApplication->run()
REQUEST_URI=/
2015/02/27 09:49:36 [error] [exception.CException] exception 'CException' with message 'Either "updateOwnPost" or "task-updatePost" does not exist.' in C:\Users\jhoo\Desktop\www\yiipro.git\trunk\framework\web\auth\CDbAuthManager.php:170
Stack trace:
#0 C:\Users\jhoo\Desktop\www\yiipro.git\trunk\framework\web\auth\CAuthItem.php(193): CDbAuthManager->addItemChild('updateOwnPost', 'task-updatePost')
#1 C:\Users\jhoo\Desktop\www\yiipro.git\trunk\blog\protected\controllers\PostController.php(138): CAuthItem->addChild('task-updatePost')
#2 C:\Users\jhoo\Desktop\www\yiipro.git\trunk\framework\web\actions\CInlineAction.php(49): PostController->actionIndex()
#3 C:\Users\jhoo\Desktop\www\yiipro.git\trunk\framework\web\CController.php(308): CInlineAction->runWithParams(Array)
#4 C:\Users\jhoo\Desktop\www\yiipro.git\trunk\framework\web\filters\CFilterChain.php(133): CController->runAction(Object(CInlineAction))
#5 C:\Users\jhoo\Desktop\www\yiipro.git\trunk\framework\web\filters\CFilter.php(40): CFilterChain->run()
#6 C:\Users\jhoo\Desktop\www\yiipro.git\trunk\framework\web\CController.php(1145): CFilter->filter(Object(CFilterChain))
#7 C:\Users\jhoo\Desktop\www\yiipro.git\trunk\framework\web\filters\CInlineFilter.php(58): CController->filterAccessControl(Object(CFilterChain))
#8 C:\Users\jhoo\Desktop\www\yiipro.git\trunk\framework\web\filters\CFilterChain.php(130): CInlineFilter->filter(Object(CFilterChain))
#9 C:\Users\jhoo\Desktop\www\yiipro.git\trunk\framework\web\CController.php(291): CFilterChain->run()
#10 C:\Users\jhoo\Desktop\www\yiipro.git\trunk\framework\web\CController.php(265): CController->runActionWithFilters(Object(CInlineAction), Array)
#11 C:\Users\jhoo\Desktop\www\yiipro.git\trunk\framework\web\CWebApplication.php(282): CController->run('')
#12 C:\Users\jhoo\Desktop\www\yiipro.git\trunk\framework\web\CWebApplication.php(141): CWebApplication->runController('')
#13 C:\Users\jhoo\Desktop\www\yiipro.git\trunk\framework\base\CApplication.php(184): CWebApplication->processRequest()
#14 C:\Users\jhoo\Desktop\www\yiipro.git\trunk\blog\index.php(11): CApplication->run()
#15 {main}
REQUEST_URI=/
---
2015/02/27 09:57:38 [error] [exception.CException] exception 'CException' with message 'Either "updateOwnPost1" or "updatePost1" does not exist.' in C:\Users\jhoo\Desktop\www\yiipro.git\trunk\framework\web\auth\CDbAuthManager.php:170
Stack trace:
#0 C:\Users\jhoo\Desktop\www\yiipro.git\trunk\framework\web\auth\CAuthItem.php(193): CDbAuthManager->addItemChild('updateOwnPost1', 'updatePost1')
#1 C:\Users\jhoo\Desktop\www\yiipro.git\trunk\blog\protected\controllers\PostController.php(138): CAuthItem->addChild('updatePost1')
#2 C:\Users\jhoo\Desktop\www\yiipro.git\trunk\framework\web\actions\CInlineAction.php(49): PostController->actionIndex()
#3 C:\Users\jhoo\Desktop\www\yiipro.git\trunk\framework\web\CController.php(308): CInlineAction->runWithParams(Array)
#4 C:\Users\jhoo\Desktop\www\yiipro.git\trunk\framework\web\filters\CFilterChain.php(133): CController->runAction(Object(CInlineAction))
#5 C:\Users\jhoo\Desktop\www\yiipro.git\trunk\framework\web\filters\CFilter.php(40): CFilterChain->run()
#6 C:\Users\jhoo\Desktop\www\yiipro.git\trunk\framework\web\CController.php(1145): CFilter->filter(Object(CFilterChain))
#7 C:\Users\jhoo\Desktop\www\yiipro.git\trunk\framework\web\filters\CInlineFilter.php(58): CController->filterAccessControl(Object(CFilterChain))
#8 C:\Users\jhoo\Desktop\www\yiipro.git\trunk\framework\web\filters\CFilterChain.php(130): CInlineFilter->filter(Object(CFilterChain))
#9 C:\Users\jhoo\Desktop\www\yiipro.git\trunk\framework\web\CController.php(291): CFilterChain->run()
#10 C:\Users\jhoo\Desktop\www\yiipro.git\trunk\framework\web\CController.php(265): CController->runActionWithFilters(Object(CInlineAction), Array)
#11 C:\Users\jhoo\Desktop\www\yiipro.git\trunk\framework\web\CWebApplication.php(282): CController->run('')
#12 C:\Users\jhoo\Desktop\www\yiipro.git\trunk\framework\web\CWebApplication.php(141): CWebApplication->runController('')
#13 C:\Users\jhoo\Desktop\www\yiipro.git\trunk\framework\base\CApplication.php(184): CWebApplication->processRequest()
#14 C:\Users\jhoo\Desktop\www\yiipro.git\trunk\blog\index.php(11): CApplication->run()
#15 {main}
REQUEST_URI=/
---
2015/02/27 09:58:25 [error] [system.db.CDbCommand] CDbCommand::execute() failed: SQLSTATE[23000]: Integrity constraint violation: 1062 Duplicate entry 'createPost' for key 'PRIMARY'. The SQL statement executed was: INSERT INTO `tbl_authitem` (`name`, `type`, `description`, `bizrule`, `data`) VALUES (:name, :type, :description, :bizrule, :data).
2015/02/27 09:58:25 [error] [exception.CDbException] exception 'CDbException' with message 'CDbCommand failed to execute the SQL statement: SQLSTATE[23000]: Integrity constraint violation: 1062 Duplicate entry 'createPost' for key 'PRIMARY'' in C:\Users\jhoo\Desktop\www\yiipro.git\trunk\framework\db\CDbCommand.php:358
Stack trace:
#0 C:\Users\jhoo\Desktop\www\yiipro.git\trunk\framework\db\CDbCommand.php(1278): CDbCommand->execute(Array)
#1 C:\Users\jhoo\Desktop\www\yiipro.git\trunk\framework\web\auth\CDbAuthManager.php(444): CDbCommand->insert('tbl_authitem', Array)
#2 C:\Users\jhoo\Desktop\www\yiipro.git\trunk\framework\web\auth\CAuthManager.php(100): CDbAuthManager->createAuthItem('createPost', 0, 'create a post', NULL, NULL)
#3 C:\Users\jhoo\Desktop\www\yiipro.git\trunk\blog\protected\controllers\PostController.php(126): CAuthManager->createOperation('createPost', 'create a post')
#4 C:\Users\jhoo\Desktop\www\yiipro.git\trunk\framework\web\actions\CInlineAction.php(49): PostController->actionIndex()
#5 C:\Users\jhoo\Desktop\www\yiipro.git\trunk\framework\web\CController.php(308): CInlineAction->runWithParams(Array)
#6 C:\Users\jhoo\Desktop\www\yiipro.git\trunk\framework\web\filters\CFilterChain.php(133): CController->runAction(Object(CInlineAction))
#7 C:\Users\jhoo\Desktop\www\yiipro.git\trunk\framework\web\filters\CFilter.php(40): CFilterChain->run()
#8 C:\Users\jhoo\Desktop\www\yiipro.git\trunk\framework\web\CController.php(1145): CFilter->filter(Object(CFilterChain))
#9 C:\Users\jhoo\Desktop\www\yiipro.git\trunk\framework\web\filters\CInlineFilter.php(58): CController->filterAccessControl(Object(CFilterChain))
#10 C:\Users\jhoo\Desktop\www\yiipro.git\trunk\framework\web\filters\CFilterChain.php(130): CInlineFilter->filter(Object(CFilterChain))
#11 C:\Users\jhoo\Desktop\www\yiipro.git\trunk\framework\web\CController.php(291): CFilterChain->run()
#12 C:\Users\jhoo\Desktop\www\yiipro.git\trunk\framework\web\CController.php(265): CController->runActionWithFilters(Object(CInlineAction), Array)
#13 C:\Users\jhoo\Desktop\www\yiipro.git\trunk\framework\web\CWebApplication.php(282): CController->run('')
#14 C:\Users\jhoo\Desktop\www\yiipro.git\trunk\framework\web\CWebApplication.php(141): CWebApplication->runController('')
#15 C:\Users\jhoo\Desktop\www\yiipro.git\trunk\framework\base\CApplication.php(184): CWebApplication->processRequest()
#16 C:\Users\jhoo\Desktop\www\yiipro.git\trunk\blog\index.php(11): CApplication->run()
#17 {main}
REQUEST_URI=/
---
2015/02/27 09:58:59 [error] [exception.CException] exception 'CException' with message 'Either "author" or "updateOwnPost" does not exist.' in C:\Users\jhoo\Desktop\www\yiipro.git\trunk\framework\web\auth\CDbAuthManager.php:170
Stack trace:
#0 C:\Users\jhoo\Desktop\www\yiipro.git\trunk\framework\web\auth\CAuthItem.php(193): CDbAuthManager->addItemChild('author', 'updateOwnPost')
#1 C:\Users\jhoo\Desktop\www\yiipro.git\trunk\blog\protected\controllers\PostController.php(150): CAuthItem->addChild('updateOwnPost')
#2 C:\Users\jhoo\Desktop\www\yiipro.git\trunk\framework\web\actions\CInlineAction.php(49): PostController->actionIndex()
#3 C:\Users\jhoo\Desktop\www\yiipro.git\trunk\framework\web\CController.php(308): CInlineAction->runWithParams(Array)
#4 C:\Users\jhoo\Desktop\www\yiipro.git\trunk\framework\web\filters\CFilterChain.php(133): CController->runAction(Object(CInlineAction))
#5 C:\Users\jhoo\Desktop\www\yiipro.git\trunk\framework\web\filters\CFilter.php(40): CFilterChain->run()
#6 C:\Users\jhoo\Desktop\www\yiipro.git\trunk\framework\web\CController.php(1145): CFilter->filter(Object(CFilterChain))
#7 C:\Users\jhoo\Desktop\www\yiipro.git\trunk\framework\web\filters\CInlineFilter.php(58): CController->filterAccessControl(Object(CFilterChain))
#8 C:\Users\jhoo\Desktop\www\yiipro.git\trunk\framework\web\filters\CFilterChain.php(130): CInlineFilter->filter(Object(CFilterChain))
#9 C:\Users\jhoo\Desktop\www\yiipro.git\trunk\framework\web\CController.php(291): CFilterChain->run()
#10 C:\Users\jhoo\Desktop\www\yiipro.git\trunk\framework\web\CController.php(265): CController->runActionWithFilters(Object(CInlineAction), Array)
#11 C:\Users\jhoo\Desktop\www\yiipro.git\trunk\framework\web\CWebApplication.php(282): CController->run('')
#12 C:\Users\jhoo\Desktop\www\yiipro.git\trunk\framework\web\CWebApplication.php(141): CWebApplication->runController('')
#13 C:\Users\jhoo\Desktop\www\yiipro.git\trunk\framework\base\CApplication.php(184): CWebApplication->processRequest()
#14 C:\Users\jhoo\Desktop\www\yiipro.git\trunk\blog\index.php(11): CApplication->run()
#15 {main}
REQUEST_URI=/
---
2015/02/27 10:00:20 [error] [exception.CException] exception 'CException' with message 'Either "author" or "updateOwnPost" does not exist.' in C:\Users\jhoo\Desktop\www\yiipro.git\trunk\framework\web\auth\CDbAuthManager.php:170
Stack trace:
#0 C:\Users\jhoo\Desktop\www\yiipro.git\trunk\framework\web\auth\CAuthItem.php(193): CDbAuthManager->addItemChild('author', 'updateOwnPost')
#1 C:\Users\jhoo\Desktop\www\yiipro.git\trunk\blog\protected\controllers\PostController.php(150): CAuthItem->addChild('updateOwnPost')
#2 C:\Users\jhoo\Desktop\www\yiipro.git\trunk\framework\web\actions\CInlineAction.php(49): PostController->actionIndex()
#3 C:\Users\jhoo\Desktop\www\yiipro.git\trunk\framework\web\CController.php(308): CInlineAction->runWithParams(Array)
#4 C:\Users\jhoo\Desktop\www\yiipro.git\trunk\framework\web\filters\CFilterChain.php(133): CController->runAction(Object(CInlineAction))
#5 C:\Users\jhoo\Desktop\www\yiipro.git\trunk\framework\web\filters\CFilter.php(40): CFilterChain->run()
#6 C:\Users\jhoo\Desktop\www\yiipro.git\trunk\framework\web\CController.php(1145): CFilter->filter(Object(CFilterChain))
#7 C:\Users\jhoo\Desktop\www\yiipro.git\trunk\framework\web\filters\CInlineFilter.php(58): CController->filterAccessControl(Object(CFilterChain))
#8 C:\Users\jhoo\Desktop\www\yiipro.git\trunk\framework\web\filters\CFilterChain.php(130): CInlineFilter->filter(Object(CFilterChain))
#9 C:\Users\jhoo\Desktop\www\yiipro.git\trunk\framework\web\CController.php(291): CFilterChain->run()
#10 C:\Users\jhoo\Desktop\www\yiipro.git\trunk\framework\web\CController.php(265): CController->runActionWithFilters(Object(CInlineAction), Array)
#11 C:\Users\jhoo\Desktop\www\yiipro.git\trunk\framework\web\CWebApplication.php(282): CController->run('')
#12 C:\Users\jhoo\Desktop\www\yiipro.git\trunk\framework\web\CWebApplication.php(141): CWebApplication->runController('')
#13 C:\Users\jhoo\Desktop\www\yiipro.git\trunk\framework\base\CApplication.php(184): CWebApplication->processRequest()
#14 C:\Users\jhoo\Desktop\www\yiipro.git\trunk\blog\index.php(11): CApplication->run()
#15 {main}
REQUEST_URI=/
---
2015/02/27 10:02:00 [error] [system.db.CDbCommand] CDbCommand::execute() failed: SQLSTATE[23000]: Integrity constraint violation: 1062 Duplicate entry 'createPost' for key 'PRIMARY'. The SQL statement executed was: INSERT INTO `tbl_authitem` (`name`, `type`, `description`, `bizrule`, `data`) VALUES (:name, :type, :description, :bizrule, :data).
2015/02/27 10:02:00 [error] [exception.CDbException] exception 'CDbException' with message 'CDbCommand failed to execute the SQL statement: SQLSTATE[23000]: Integrity constraint violation: 1062 Duplicate entry 'createPost' for key 'PRIMARY'' in C:\Users\jhoo\Desktop\www\yiipro.git\trunk\framework\db\CDbCommand.php:358
Stack trace:
#0 C:\Users\jhoo\Desktop\www\yiipro.git\trunk\framework\db\CDbCommand.php(1278): CDbCommand->execute(Array)
#1 C:\Users\jhoo\Desktop\www\yiipro.git\trunk\framework\web\auth\CDbAuthManager.php(444): CDbCommand->insert('tbl_authitem', Array)
#2 C:\Users\jhoo\Desktop\www\yiipro.git\trunk\framework\web\auth\CAuthManager.php(100): CDbAuthManager->createAuthItem('createPost', 0, 'create a post', NULL, NULL)
#3 C:\Users\jhoo\Desktop\www\yiipro.git\trunk\blog\protected\controllers\PostController.php(126): CAuthManager->createOperation('createPost', 'create a post')
#4 C:\Users\jhoo\Desktop\www\yiipro.git\trunk\framework\web\actions\CInlineAction.php(49): PostController->actionIndex()
#5 C:\Users\jhoo\Desktop\www\yiipro.git\trunk\framework\web\CController.php(308): CInlineAction->runWithParams(Array)
#6 C:\Users\jhoo\Desktop\www\yiipro.git\trunk\framework\web\filters\CFilterChain.php(133): CController->runAction(Object(CInlineAction))
#7 C:\Users\jhoo\Desktop\www\yiipro.git\trunk\framework\web\filters\CFilter.php(40): CFilterChain->run()
#8 C:\Users\jhoo\Desktop\www\yiipro.git\trunk\framework\web\CController.php(1145): CFilter->filter(Object(CFilterChain))
#9 C:\Users\jhoo\Desktop\www\yiipro.git\trunk\framework\web\filters\CInlineFilter.php(58): CController->filterAccessControl(Object(CFilterChain))
#10 C:\Users\jhoo\Desktop\www\yiipro.git\trunk\framework\web\filters\CFilterChain.php(130): CInlineFilter->filter(Object(CFilterChain))
#11 C:\Users\jhoo\Desktop\www\yiipro.git\trunk\framework\web\CController.php(291): CFilterChain->run()
#12 C:\Users\jhoo\Desktop\www\yiipro.git\trunk\framework\web\CController.php(265): CController->runActionWithFilters(Object(CInlineAction), Array)
#13 C:\Users\jhoo\Desktop\www\yiipro.git\trunk\framework\web\CWebApplication.php(282): CController->run('')
#14 C:\Users\jhoo\Desktop\www\yiipro.git\trunk\framework\web\CWebApplication.php(141): CWebApplication->runController('')
#15 C:\Users\jhoo\Desktop\www\yiipro.git\trunk\framework\base\CApplication.php(184): CWebApplication->processRequest()
#16 C:\Users\jhoo\Desktop\www\yiipro.git\trunk\blog\index.php(11): CApplication->run()
#17 {main}
REQUEST_URI=/
---
2015/02/27 10:03:32 [error] [exception.CException] exception 'CException' with message 'Either "editor" or "updatePost" does not exist.' in C:\Users\jhoo\Desktop\www\yiipro.git\trunk\framework\web\auth\CDbAuthManager.php:170
Stack trace:
#0 C:\Users\jhoo\Desktop\www\yiipro.git\trunk\framework\web\auth\CAuthItem.php(193): CDbAuthManager->addItemChild('editor', 'updatePost')
#1 C:\Users\jhoo\Desktop\www\yiipro.git\trunk\blog\protected\controllers\PostController.php(156): CAuthItem->addChild('updatePost')
#2 C:\Users\jhoo\Desktop\www\yiipro.git\trunk\framework\web\actions\CInlineAction.php(49): PostController->actionIndex()
#3 C:\Users\jhoo\Desktop\www\yiipro.git\trunk\framework\web\CController.php(308): CInlineAction->runWithParams(Array)
#4 C:\Users\jhoo\Desktop\www\yiipro.git\trunk\framework\web\filters\CFilterChain.php(133): CController->runAction(Object(CInlineAction))
#5 C:\Users\jhoo\Desktop\www\yiipro.git\trunk\framework\web\filters\CFilter.php(40): CFilterChain->run()
#6 C:\Users\jhoo\Desktop\www\yiipro.git\trunk\framework\web\CController.php(1145): CFilter->filter(Object(CFilterChain))
#7 C:\Users\jhoo\Desktop\www\yiipro.git\trunk\framework\web\filters\CInlineFilter.php(58): CController->filterAccessControl(Object(CFilterChain))
#8 C:\Users\jhoo\Desktop\www\yiipro.git\trunk\framework\web\filters\CFilterChain.php(130): CInlineFilter->filter(Object(CFilterChain))
#9 C:\Users\jhoo\Desktop\www\yiipro.git\trunk\framework\web\CController.php(291): CFilterChain->run()
#10 C:\Users\jhoo\Desktop\www\yiipro.git\trunk\framework\web\CController.php(265): CController->runActionWithFilters(Object(CInlineAction), Array)
#11 C:\Users\jhoo\Desktop\www\yiipro.git\trunk\framework\web\CWebApplication.php(282): CController->run('')
#12 C:\Users\jhoo\Desktop\www\yiipro.git\trunk\framework\web\CWebApplication.php(141): CWebApplication->runController('')
#13 C:\Users\jhoo\Desktop\www\yiipro.git\trunk\framework\base\CApplication.php(184): CWebApplication->processRequest()
#14 C:\Users\jhoo\Desktop\www\yiipro.git\trunk\blog\index.php(11): CApplication->run()
#15 {main}
REQUEST_URI=/
---
2015/02/27 10:04:09 [error] [exception.CException] exception 'CException' with message 'Either "updateOwnPost" or "updatePost" does not exist.' in C:\Users\jhoo\Desktop\www\yiipro.git\trunk\framework\web\auth\CDbAuthManager.php:170
Stack trace:
#0 C:\Users\jhoo\Desktop\www\yiipro.git\trunk\framework\web\auth\CAuthItem.php(193): CDbAuthManager->addItemChild('updateOwnPost', 'updatePost')
#1 C:\Users\jhoo\Desktop\www\yiipro.git\trunk\blog\protected\controllers\PostController.php(138): CAuthItem->addChild('updatePost')
#2 C:\Users\jhoo\Desktop\www\yiipro.git\trunk\framework\web\actions\CInlineAction.php(49): PostController->actionIndex()
#3 C:\Users\jhoo\Desktop\www\yiipro.git\trunk\framework\web\CController.php(308): CInlineAction->runWithParams(Array)
#4 C:\Users\jhoo\Desktop\www\yiipro.git\trunk\framework\web\filters\CFilterChain.php(133): CController->runAction(Object(CInlineAction))
#5 C:\Users\jhoo\Desktop\www\yiipro.git\trunk\framework\web\filters\CFilter.php(40): CFilterChain->run()
#6 C:\Users\jhoo\Desktop\www\yiipro.git\trunk\framework\web\CController.php(1145): CFilter->filter(Object(CFilterChain))
#7 C:\Users\jhoo\Desktop\www\yiipro.git\trunk\framework\web\filters\CInlineFilter.php(58): CController->filterAccessControl(Object(CFilterChain))
#8 C:\Users\jhoo\Desktop\www\yiipro.git\trunk\framework\web\filters\CFilterChain.php(130): CInlineFilter->filter(Object(CFilterChain))
#9 C:\Users\jhoo\Desktop\www\yiipro.git\trunk\framework\web\CController.php(291): CFilterChain->run()
#10 C:\Users\jhoo\Desktop\www\yiipro.git\trunk\framework\web\CController.php(265): CController->runActionWithFilters(Object(CInlineAction), Array)
#11 C:\Users\jhoo\Desktop\www\yiipro.git\trunk\framework\web\CWebApplication.php(282): CController->run('')
#12 C:\Users\jhoo\Desktop\www\yiipro.git\trunk\framework\web\CWebApplication.php(141): CWebApplication->runController('')
#13 C:\Users\jhoo\Desktop\www\yiipro.git\trunk\framework\base\CApplication.php(184): CWebApplication->processRequest()
#14 C:\Users\jhoo\Desktop\www\yiipro.git\trunk\blog\index.php(11): CApplication->run()
#15 {main}
REQUEST_URI=/
---
2015/02/27 10:07:40 [error] [php] Undefined variable: bizRule (C:\Users\jhoo\Desktop\www\yiipro.git\trunk\blog\protected\controllers\PostController.php:169)
Stack trace:
#0 C:\Users\jhoo\Desktop\www\yiipro.git\trunk\framework\web\filters\CFilterChain.php(133): PostController->runAction()
#1 C:\Users\jhoo\Desktop\www\yiipro.git\trunk\framework\web\filters\CFilter.php(40): CFilterChain->run()
#2 C:\Users\jhoo\Desktop\www\yiipro.git\trunk\framework\web\CController.php(1145): CAccessControlFilter->filter()
#3 C:\Users\jhoo\Desktop\www\yiipro.git\trunk\framework\web\filters\CInlineFilter.php(58): PostController->filterAccessControl()
#4 C:\Users\jhoo\Desktop\www\yiipro.git\trunk\framework\web\filters\CFilterChain.php(130): CInlineFilter->filter()
#5 C:\Users\jhoo\Desktop\www\yiipro.git\trunk\framework\web\CController.php(291): CFilterChain->run()
#6 C:\Users\jhoo\Desktop\www\yiipro.git\trunk\framework\web\CController.php(265): PostController->runActionWithFilters()
#7 C:\Users\jhoo\Desktop\www\yiipro.git\trunk\framework\web\CWebApplication.php(282): PostController->run()
#8 C:\Users\jhoo\Desktop\www\yiipro.git\trunk\framework\web\CWebApplication.php(141): CWebApplication->runController()
#9 C:\Users\jhoo\Desktop\www\yiipro.git\trunk\framework\base\CApplication.php(184): CWebApplication->processRequest()
#10 C:\Users\jhoo\Desktop\www\yiipro.git\trunk\blog\index.php(11): CWebApplication->run()
REQUEST_URI=/
2015/02/27 10:07:51 [error] [exception.CException] exception 'CException' with message 'Either "updateOwnPost1" or "updatePost1" does not exist.' in C:\Users\jhoo\Desktop\www\yiipro.git\trunk\framework\web\auth\CDbAuthManager.php:170
Stack trace:
#0 C:\Users\jhoo\Desktop\www\yiipro.git\trunk\framework\web\auth\CAuthItem.php(193): CDbAuthManager->addItemChild('updateOwnPost1', 'updatePost1')
#1 C:\Users\jhoo\Desktop\www\yiipro.git\trunk\blog\protected\controllers\PostController.php(171): CAuthItem->addChild('updatePost1')
#2 C:\Users\jhoo\Desktop\www\yiipro.git\trunk\framework\web\actions\CInlineAction.php(49): PostController->actionIndex()
#3 C:\Users\jhoo\Desktop\www\yiipro.git\trunk\framework\web\CController.php(308): CInlineAction->runWithParams(Array)
#4 C:\Users\jhoo\Desktop\www\yiipro.git\trunk\framework\web\filters\CFilterChain.php(133): CController->runAction(Object(CInlineAction))
#5 C:\Users\jhoo\Desktop\www\yiipro.git\trunk\framework\web\filters\CFilter.php(40): CFilterChain->run()
#6 C:\Users\jhoo\Desktop\www\yiipro.git\trunk\framework\web\CController.php(1145): CFilter->filter(Object(CFilterChain))
#7 C:\Users\jhoo\Desktop\www\yiipro.git\trunk\framework\web\filters\CInlineFilter.php(58): CController->filterAccessControl(Object(CFilterChain))
#8 C:\Users\jhoo\Desktop\www\yiipro.git\trunk\framework\web\filters\CFilterChain.php(130): CInlineFilter->filter(Object(CFilterChain))
#9 C:\Users\jhoo\Desktop\www\yiipro.git\trunk\framework\web\CController.php(291): CFilterChain->run()
#10 C:\Users\jhoo\Desktop\www\yiipro.git\trunk\framework\web\CController.php(265): CController->runActionWithFilters(Object(CInlineAction), Array)
#11 C:\Users\jhoo\Desktop\www\yiipro.git\trunk\framework\web\CWebApplication.php(282): CController->run('')
#12 C:\Users\jhoo\Desktop\www\yiipro.git\trunk\framework\web\CWebApplication.php(141): CWebApplication->runController('')
#13 C:\Users\jhoo\Desktop\www\yiipro.git\trunk\framework\base\CApplication.php(184): CWebApplication->processRequest()
#14 C:\Users\jhoo\Desktop\www\yiipro.git\trunk\blog\index.php(11): CApplication->run()
#15 {main}
REQUEST_URI=/
---
2015/02/27 10:10:10 [error] [exception.CException] exception 'CException' with message 'Either "updateOwnPost1" or "updatePost1" does not exist.' in C:\Users\jhoo\Desktop\www\yiipro.git\trunk\framework\web\auth\CDbAuthManager.php:170
Stack trace:
#0 C:\Users\jhoo\Desktop\www\yiipro.git\trunk\framework\web\auth\CAuthItem.php(193): CDbAuthManager->addItemChild('updateOwnPost1', 'updatePost1')
#1 C:\Users\jhoo\Desktop\www\yiipro.git\trunk\blog\protected\controllers\PostController.php(171): CAuthItem->addChild('updatePost1')
#2 C:\Users\jhoo\Desktop\www\yiipro.git\trunk\framework\web\actions\CInlineAction.php(49): PostController->actionIndex()
#3 C:\Users\jhoo\Desktop\www\yiipro.git\trunk\framework\web\CController.php(308): CInlineAction->runWithParams(Array)
#4 C:\Users\jhoo\Desktop\www\yiipro.git\trunk\framework\web\filters\CFilterChain.php(133): CController->runAction(Object(CInlineAction))
#5 C:\Users\jhoo\Desktop\www\yiipro.git\trunk\framework\web\filters\CFilter.php(40): CFilterChain->run()
#6 C:\Users\jhoo\Desktop\www\yiipro.git\trunk\framework\web\CController.php(1145): CFilter->filter(Object(CFilterChain))
#7 C:\Users\jhoo\Desktop\www\yiipro.git\trunk\framework\web\filters\CInlineFilter.php(58): CController->filterAccessControl(Object(CFilterChain))
#8 C:\Users\jhoo\Desktop\www\yiipro.git\trunk\framework\web\filters\CFilterChain.php(130): CInlineFilter->filter(Object(CFilterChain))
#9 C:\Users\jhoo\Desktop\www\yiipro.git\trunk\framework\web\CController.php(291): CFilterChain->run()
#10 C:\Users\jhoo\Desktop\www\yiipro.git\trunk\framework\web\CController.php(265): CController->runActionWithFilters(Object(CInlineAction), Array)
#11 C:\Users\jhoo\Desktop\www\yiipro.git\trunk\framework\web\CWebApplication.php(282): CController->run('')
#12 C:\Users\jhoo\Desktop\www\yiipro.git\trunk\framework\web\CWebApplication.php(141): CWebApplication->runController('')
#13 C:\Users\jhoo\Desktop\www\yiipro.git\trunk\framework\base\CApplication.php(184): CWebApplication->processRequest()
#14 C:\Users\jhoo\Desktop\www\yiipro.git\trunk\blog\index.php(11): CApplication->run()
#15 {main}
REQUEST_URI=/
---
2015/02/27 10:18:34 [error] [exception.CException] exception 'CException' with message 'Either "updateOwnPost1" or "updatePost1" does not exist.' in C:\Users\jhoo\Desktop\www\yiipro.git\trunk\framework\web\auth\CDbAuthManager.php:170
Stack trace:
#0 C:\Users\jhoo\Desktop\www\yiipro.git\trunk\framework\web\auth\CAuthItem.php(193): CDbAuthManager->addItemChild('updateOwnPost1', 'updatePost1')
#1 C:\Users\jhoo\Desktop\www\yiipro.git\trunk\blog\protected\controllers\PostController.php(171): CAuthItem->addChild('updatePost1')
#2 C:\Users\jhoo\Desktop\www\yiipro.git\trunk\framework\web\actions\CInlineAction.php(49): PostController->actionIndex()
#3 C:\Users\jhoo\Desktop\www\yiipro.git\trunk\framework\web\CController.php(308): CInlineAction->runWithParams(Array)
#4 C:\Users\jhoo\Desktop\www\yiipro.git\trunk\framework\web\filters\CFilterChain.php(133): CController->runAction(Object(CInlineAction))
#5 C:\Users\jhoo\Desktop\www\yiipro.git\trunk\framework\web\filters\CFilter.php(40): CFilterChain->run()
#6 C:\Users\jhoo\Desktop\www\yiipro.git\trunk\framework\web\CController.php(1145): CFilter->filter(Object(CFilterChain))
#7 C:\Users\jhoo\Desktop\www\yiipro.git\trunk\framework\web\filters\CInlineFilter.php(58): CController->filterAccessControl(Object(CFilterChain))
#8 C:\Users\jhoo\Desktop\www\yiipro.git\trunk\framework\web\filters\CFilterChain.php(130): CInlineFilter->filter(Object(CFilterChain))
#9 C:\Users\jhoo\Desktop\www\yiipro.git\trunk\framework\web\CController.php(291): CFilterChain->run()
#10 C:\Users\jhoo\Desktop\www\yiipro.git\trunk\framework\web\CController.php(265): CController->runActionWithFilters(Object(CInlineAction), Array)
#11 C:\Users\jhoo\Desktop\www\yiipro.git\trunk\framework\web\CWebApplication.php(282): CController->run('')
#12 C:\Users\jhoo\Desktop\www\yiipro.git\trunk\framework\web\CWebApplication.php(141): CWebApplication->runController('')
#13 C:\Users\jhoo\Desktop\www\yiipro.git\trunk\framework\base\CApplication.php(184): CWebApplication->processRequest()
#14 C:\Users\jhoo\Desktop\www\yiipro.git\trunk\blog\index.php(11): CApplication->run()
#15 {main}
REQUEST_URI=/
---
2015/02/27 10:19:43 [error] [system.db.CDbCommand] CDbCommand::execute() failed: SQLSTATE[23000]: Integrity constraint violation: 1062 Duplicate entry 'updateOwnPost1' for key 'PRIMARY'. The SQL statement executed was: INSERT INTO `tbl_authitem` (`name`, `type`, `description`, `bizrule`, `data`) VALUES (:name, :type, :description, :bizrule, :data).
2015/02/27 10:19:43 [error] [exception.CDbException] exception 'CDbException' with message 'CDbCommand failed to execute the SQL statement: SQLSTATE[23000]: Integrity constraint violation: 1062 Duplicate entry 'updateOwnPost1' for key 'PRIMARY'' in C:\Users\jhoo\Desktop\www\yiipro.git\trunk\framework\db\CDbCommand.php:358
Stack trace:
#0 C:\Users\jhoo\Desktop\www\yiipro.git\trunk\framework\db\CDbCommand.php(1278): CDbCommand->execute(Array)
#1 C:\Users\jhoo\Desktop\www\yiipro.git\trunk\framework\web\auth\CDbAuthManager.php(444): CDbCommand->insert('tbl_authitem', Array)
#2 C:\Users\jhoo\Desktop\www\yiipro.git\trunk\framework\web\auth\CAuthManager.php(86): CDbAuthManager->createAuthItem('updateOwnPost1', 1, 'update a post b...', '', NULL)
#3 C:\Users\jhoo\Desktop\www\yiipro.git\trunk\blog\protected\controllers\PostController.php(169): CAuthManager->createTask('updateOwnPost1', 'update a post b...', '')
#4 C:\Users\jhoo\Desktop\www\yiipro.git\trunk\framework\web\actions\CInlineAction.php(49): PostController->actionIndex()
#5 C:\Users\jhoo\Desktop\www\yiipro.git\trunk\framework\web\CController.php(308): CInlineAction->runWithParams(Array)
#6 C:\Users\jhoo\Desktop\www\yiipro.git\trunk\framework\web\filters\CFilterChain.php(133): CController->runAction(Object(CInlineAction))
#7 C:\Users\jhoo\Desktop\www\yiipro.git\trunk\framework\web\filters\CFilter.php(40): CFilterChain->run()
#8 C:\Users\jhoo\Desktop\www\yiipro.git\trunk\framework\web\CController.php(1145): CFilter->filter(Object(CFilterChain))
#9 C:\Users\jhoo\Desktop\www\yiipro.git\trunk\framework\web\filters\CInlineFilter.php(58): CController->filterAccessControl(Object(CFilterChain))
#10 C:\Users\jhoo\Desktop\www\yiipro.git\trunk\framework\web\filters\CFilterChain.php(130): CInlineFilter->filter(Object(CFilterChain))
#11 C:\Users\jhoo\Desktop\www\yiipro.git\trunk\framework\web\CController.php(291): CFilterChain->run()
#12 C:\Users\jhoo\Desktop\www\yiipro.git\trunk\framework\web\CController.php(265): CController->runActionWithFilters(Object(CInlineAction), Array)
#13 C:\Users\jhoo\Desktop\www\yiipro.git\trunk\framework\web\CWebApplication.php(282): CController->run('')
#14 C:\Users\jhoo\Desktop\www\yiipro.git\trunk\framework\web\CWebApplication.php(141): CWebApplication->runController('')
#15 C:\Users\jhoo\Desktop\www\yiipro.git\trunk\framework\base\CApplication.php(184): CWebApplication->processRequest()
#16 C:\Users\jhoo\Desktop\www\yiipro.git\trunk\blog\index.php(11): CApplication->run()
#17 {main}
REQUEST_URI=/
---
2015/02/27 10:20:40 [error] [exception.CException] exception 'CException' with message 'Either "updateOwnPostone" or "updatePostone" does not exist.' in C:\Users\jhoo\Desktop\www\yiipro.git\trunk\framework\web\auth\CDbAuthManager.php:170
Stack trace:
#0 C:\Users\jhoo\Desktop\www\yiipro.git\trunk\framework\web\auth\CAuthItem.php(193): CDbAuthManager->addItemChild('updateOwnPoston...', 'updatePostone')
#1 C:\Users\jhoo\Desktop\www\yiipro.git\trunk\blog\protected\controllers\PostController.php(171): CAuthItem->addChild('updatePostone')
#2 C:\Users\jhoo\Desktop\www\yiipro.git\trunk\framework\web\actions\CInlineAction.php(49): PostController->actionIndex()
#3 C:\Users\jhoo\Desktop\www\yiipro.git\trunk\framework\web\CController.php(308): CInlineAction->runWithParams(Array)
#4 C:\Users\jhoo\Desktop\www\yiipro.git\trunk\framework\web\filters\CFilterChain.php(133): CController->runAction(Object(CInlineAction))
#5 C:\Users\jhoo\Desktop\www\yiipro.git\trunk\framework\web\filters\CFilter.php(40): CFilterChain->run()
#6 C:\Users\jhoo\Desktop\www\yiipro.git\trunk\framework\web\CController.php(1145): CFilter->filter(Object(CFilterChain))
#7 C:\Users\jhoo\Desktop\www\yiipro.git\trunk\framework\web\filters\CInlineFilter.php(58): CController->filterAccessControl(Object(CFilterChain))
#8 C:\Users\jhoo\Desktop\www\yiipro.git\trunk\framework\web\filters\CFilterChain.php(130): CInlineFilter->filter(Object(CFilterChain))
#9 C:\Users\jhoo\Desktop\www\yiipro.git\trunk\framework\web\CController.php(291): CFilterChain->run()
#10 C:\Users\jhoo\Desktop\www\yiipro.git\trunk\framework\web\CController.php(265): CController->runActionWithFilters(Object(CInlineAction), Array)
#11 C:\Users\jhoo\Desktop\www\yiipro.git\trunk\framework\web\CWebApplication.php(282): CController->run('')
#12 C:\Users\jhoo\Desktop\www\yiipro.git\trunk\framework\web\CWebApplication.php(141): CWebApplication->runController('')
#13 C:\Users\jhoo\Desktop\www\yiipro.git\trunk\framework\base\CApplication.php(184): CWebApplication->processRequest()
#14 C:\Users\jhoo\Desktop\www\yiipro.git\trunk\blog\index.php(11): CApplication->run()
#15 {main}
REQUEST_URI=/
---
2015/02/27 10:22:26 [error] [exception.CException] exception 'CException' with message 'Either "updateOwnPostone" or "updatePostone" does not exist.' in C:\Users\jhoo\Desktop\www\yiipro.git\trunk\framework\web\auth\CDbAuthManager.php:170
Stack trace:
#0 C:\Users\jhoo\Desktop\www\yiipro.git\trunk\framework\web\auth\CAuthItem.php(193): CDbAuthManager->addItemChild('updateOwnPoston...', 'updatePostone')
#1 C:\Users\jhoo\Desktop\www\yiipro.git\trunk\blog\protected\controllers\PostController.php(171): CAuthItem->addChild('updatePostone')
#2 C:\Users\jhoo\Desktop\www\yiipro.git\trunk\framework\web\actions\CInlineAction.php(49): PostController->actionIndex()
#3 C:\Users\jhoo\Desktop\www\yiipro.git\trunk\framework\web\CController.php(308): CInlineAction->runWithParams(Array)
#4 C:\Users\jhoo\Desktop\www\yiipro.git\trunk\framework\web\filters\CFilterChain.php(133): CController->runAction(Object(CInlineAction))
#5 C:\Users\jhoo\Desktop\www\yiipro.git\trunk\framework\web\filters\CFilter.php(40): CFilterChain->run()
#6 C:\Users\jhoo\Desktop\www\yiipro.git\trunk\framework\web\CController.php(1145): CFilter->filter(Object(CFilterChain))
#7 C:\Users\jhoo\Desktop\www\yiipro.git\trunk\framework\web\filters\CInlineFilter.php(58): CController->filterAccessControl(Object(CFilterChain))
#8 C:\Users\jhoo\Desktop\www\yiipro.git\trunk\framework\web\filters\CFilterChain.php(130): CInlineFilter->filter(Object(CFilterChain))
#9 C:\Users\jhoo\Desktop\www\yiipro.git\trunk\framework\web\CController.php(291): CFilterChain->run()
#10 C:\Users\jhoo\Desktop\www\yiipro.git\trunk\framework\web\CController.php(265): CController->runActionWithFilters(Object(CInlineAction), Array)
#11 C:\Users\jhoo\Desktop\www\yiipro.git\trunk\framework\web\CWebApplication.php(282): CController->run('')
#12 C:\Users\jhoo\Desktop\www\yiipro.git\trunk\framework\web\CWebApplication.php(141): CWebApplication->runController('')
#13 C:\Users\jhoo\Desktop\www\yiipro.git\trunk\framework\base\CApplication.php(184): CWebApplication->processRequest()
#14 C:\Users\jhoo\Desktop\www\yiipro.git\trunk\blog\index.php(11): CApplication->run()
#15 {main}
REQUEST_URI=/
---
2015/02/27 10:35:13 [error] [exception.CException] exception 'CException' with message 'Cannot add "author_self_one" as a child of itself.' in C:\Users\jhoo\Desktop\www\yiipro.git\trunk\framework\web\auth\CDbAuthManager.php:132
Stack trace:
#0 C:\Users\jhoo\Desktop\www\yiipro.git\trunk\framework\web\auth\CAuthItem.php(193): CDbAuthManager->addItemChild('author_self_one', 'author_self_one')
#1 C:\Users\jhoo\Desktop\www\yiipro.git\trunk\blog\protected\controllers\PostController.php(176): CAuthItem->addChild('author_self_one')
#2 C:\Users\jhoo\Desktop\www\yiipro.git\trunk\framework\web\actions\CInlineAction.php(49): PostController->actionIndex()
#3 C:\Users\jhoo\Desktop\www\yiipro.git\trunk\framework\web\CController.php(308): CInlineAction->runWithParams(Array)
#4 C:\Users\jhoo\Desktop\www\yiipro.git\trunk\framework\web\filters\CFilterChain.php(133): CController->runAction(Object(CInlineAction))
#5 C:\Users\jhoo\Desktop\www\yiipro.git\trunk\framework\web\filters\CFilter.php(40): CFilterChain->run()
#6 C:\Users\jhoo\Desktop\www\yiipro.git\trunk\framework\web\CController.php(1145): CFilter->filter(Object(CFilterChain))
#7 C:\Users\jhoo\Desktop\www\yiipro.git\trunk\framework\web\filters\CInlineFilter.php(58): CController->filterAccessControl(Object(CFilterChain))
#8 C:\Users\jhoo\Desktop\www\yiipro.git\trunk\framework\web\filters\CFilterChain.php(130): CInlineFilter->filter(Object(CFilterChain))
#9 C:\Users\jhoo\Desktop\www\yiipro.git\trunk\framework\web\CController.php(291): CFilterChain->run()
#10 C:\Users\jhoo\Desktop\www\yiipro.git\trunk\framework\web\CController.php(265): CController->runActionWithFilters(Object(CInlineAction), Array)
#11 C:\Users\jhoo\Desktop\www\yiipro.git\trunk\framework\web\CWebApplication.php(282): CController->run('')
#12 C:\Users\jhoo\Desktop\www\yiipro.git\trunk\framework\web\CWebApplication.php(141): CWebApplication->runController('')
#13 C:\Users\jhoo\Desktop\www\yiipro.git\trunk\framework\base\CApplication.php(184): CWebApplication->processRequest()
#14 C:\Users\jhoo\Desktop\www\yiipro.git\trunk\blog\index.php(11): CApplication->run()
#15 {main}
REQUEST_URI=/
---
2015/02/27 10:36:28 [error] [exception.CException] exception 'CException' with message 'Either "author_self_one" or "author_self_two" does not exist.' in C:\Users\jhoo\Desktop\www\yiipro.git\trunk\framework\web\auth\CDbAuthManager.php:170
Stack trace:
#0 C:\Users\jhoo\Desktop\www\yiipro.git\trunk\framework\web\auth\CAuthItem.php(193): CDbAuthManager->addItemChild('author_self_one', 'author_self_two')
#1 C:\Users\jhoo\Desktop\www\yiipro.git\trunk\blog\protected\controllers\PostController.php(176): CAuthItem->addChild('author_self_two')
#2 C:\Users\jhoo\Desktop\www\yiipro.git\trunk\framework\web\actions\CInlineAction.php(49): PostController->actionIndex()
#3 C:\Users\jhoo\Desktop\www\yiipro.git\trunk\framework\web\CController.php(308): CInlineAction->runWithParams(Array)
#4 C:\Users\jhoo\Desktop\www\yiipro.git\trunk\framework\web\filters\CFilterChain.php(133): CController->runAction(Object(CInlineAction))
#5 C:\Users\jhoo\Desktop\www\yiipro.git\trunk\framework\web\filters\CFilter.php(40): CFilterChain->run()
#6 C:\Users\jhoo\Desktop\www\yiipro.git\trunk\framework\web\CController.php(1145): CFilter->filter(Object(CFilterChain))
#7 C:\Users\jhoo\Desktop\www\yiipro.git\trunk\framework\web\filters\CInlineFilter.php(58): CController->filterAccessControl(Object(CFilterChain))
#8 C:\Users\jhoo\Desktop\www\yiipro.git\trunk\framework\web\filters\CFilterChain.php(130): CInlineFilter->filter(Object(CFilterChain))
#9 C:\Users\jhoo\Desktop\www\yiipro.git\trunk\framework\web\CController.php(291): CFilterChain->run()
#10 C:\Users\jhoo\Desktop\www\yiipro.git\trunk\framework\web\CController.php(265): CController->runActionWithFilters(Object(CInlineAction), Array)
#11 C:\Users\jhoo\Desktop\www\yiipro.git\trunk\framework\web\CWebApplication.php(282): CController->run('')
#12 C:\Users\jhoo\Desktop\www\yiipro.git\trunk\framework\web\CWebApplication.php(141): CWebApplication->runController('')
#13 C:\Users\jhoo\Desktop\www\yiipro.git\trunk\framework\base\CApplication.php(184): CWebApplication->processRequest()
#14 C:\Users\jhoo\Desktop\www\yiipro.git\trunk\blog\index.php(11): CApplication->run()
#15 {main}
REQUEST_URI=/
---
2015/02/27 10:37:57 [error] [system.db.CDbCommand] CDbCommand::execute() failed: SQLSTATE[23000]: Integrity constraint violation: 1062 Duplicate entry 'author_self_one' for key 'PRIMARY'. The SQL statement executed was: INSERT INTO `tbl_authitem` (`name`, `type`, `description`, `bizrule`, `data`) VALUES (:name, :type, :description, :bizrule, :data).
2015/02/27 10:37:57 [error] [exception.CDbException] exception 'CDbException' with message 'CDbCommand failed to execute the SQL statement: SQLSTATE[23000]: Integrity constraint violation: 1062 Duplicate entry 'author_self_one' for key 'PRIMARY'' in C:\Users\jhoo\Desktop\www\yiipro.git\trunk\framework\db\CDbCommand.php:358
Stack trace:
#0 C:\Users\jhoo\Desktop\www\yiipro.git\trunk\framework\db\CDbCommand.php(1278): CDbCommand->execute(Array)
#1 C:\Users\jhoo\Desktop\www\yiipro.git\trunk\framework\web\auth\CDbAuthManager.php(444): CDbCommand->insert('tbl_authitem', Array)
#2 C:\Users\jhoo\Desktop\www\yiipro.git\trunk\framework\web\auth\CAuthManager.php(72): CDbAuthManager->createAuthItem('author_self_one', 2, '', NULL, NULL)
#3 C:\Users\jhoo\Desktop\www\yiipro.git\trunk\blog\protected\controllers\PostController.php(174): CAuthManager->createRole('author_self_one')
#4 C:\Users\jhoo\Desktop\www\yiipro.git\trunk\framework\web\actions\CInlineAction.php(49): PostController->actionIndex()
#5 C:\Users\jhoo\Desktop\www\yiipro.git\trunk\framework\web\CController.php(308): CInlineAction->runWithParams(Array)
#6 C:\Users\jhoo\Desktop\www\yiipro.git\trunk\framework\web\filters\CFilterChain.php(133): CController->runAction(Object(CInlineAction))
#7 C:\Users\jhoo\Desktop\www\yiipro.git\trunk\framework\web\filters\CFilter.php(40): CFilterChain->run()
#8 C:\Users\jhoo\Desktop\www\yiipro.git\trunk\framework\web\CController.php(1145): CFilter->filter(Object(CFilterChain))
#9 C:\Users\jhoo\Desktop\www\yiipro.git\trunk\framework\web\filters\CInlineFilter.php(58): CController->filterAccessControl(Object(CFilterChain))
#10 C:\Users\jhoo\Desktop\www\yiipro.git\trunk\framework\web\filters\CFilterChain.php(130): CInlineFilter->filter(Object(CFilterChain))
#11 C:\Users\jhoo\Desktop\www\yiipro.git\trunk\framework\web\CController.php(291): CFilterChain->run()
#12 C:\Users\jhoo\Desktop\www\yiipro.git\trunk\framework\web\CController.php(265): CController->runActionWithFilters(Object(CInlineAction), Array)
#13 C:\Users\jhoo\Desktop\www\yiipro.git\trunk\framework\web\CWebApplication.php(282): CController->run('')
#14 C:\Users\jhoo\Desktop\www\yiipro.git\trunk\framework\web\CWebApplication.php(141): CWebApplication->runController('')
#15 C:\Users\jhoo\Desktop\www\yiipro.git\trunk\framework\base\CApplication.php(184): CWebApplication->processRequest()
#16 C:\Users\jhoo\Desktop\www\yiipro.git\trunk\blog\index.php(11): CApplication->run()
#17 {main}
REQUEST_URI=/
---
2015/02/27 10:38:18 [error] [exception.CException] exception 'CException' with message 'Either "author_self_one" or "author_self_two" does not exist.' in C:\Users\jhoo\Desktop\www\yiipro.git\trunk\framework\web\auth\CDbAuthManager.php:170
Stack trace:
#0 C:\Users\jhoo\Desktop\www\yiipro.git\trunk\framework\web\auth\CAuthItem.php(193): CDbAuthManager->addItemChild('author_self_one', 'author_self_two')
#1 C:\Users\jhoo\Desktop\www\yiipro.git\trunk\blog\protected\controllers\PostController.php(176): CAuthItem->addChild('author_self_two')
#2 C:\Users\jhoo\Desktop\www\yiipro.git\trunk\framework\web\actions\CInlineAction.php(49): PostController->actionIndex()
#3 C:\Users\jhoo\Desktop\www\yiipro.git\trunk\framework\web\CController.php(308): CInlineAction->runWithParams(Array)
#4 C:\Users\jhoo\Desktop\www\yiipro.git\trunk\framework\web\filters\CFilterChain.php(133): CController->runAction(Object(CInlineAction))
#5 C:\Users\jhoo\Desktop\www\yiipro.git\trunk\framework\web\filters\CFilter.php(40): CFilterChain->run()
#6 C:\Users\jhoo\Desktop\www\yiipro.git\trunk\framework\web\CController.php(1145): CFilter->filter(Object(CFilterChain))
#7 C:\Users\jhoo\Desktop\www\yiipro.git\trunk\framework\web\filters\CInlineFilter.php(58): CController->filterAccessControl(Object(CFilterChain))
#8 C:\Users\jhoo\Desktop\www\yiipro.git\trunk\framework\web\filters\CFilterChain.php(130): CInlineFilter->filter(Object(CFilterChain))
#9 C:\Users\jhoo\Desktop\www\yiipro.git\trunk\framework\web\CController.php(291): CFilterChain->run()
#10 C:\Users\jhoo\Desktop\www\yiipro.git\trunk\framework\web\CController.php(265): CController->runActionWithFilters(Object(CInlineAction), Array)
#11 C:\Users\jhoo\Desktop\www\yiipro.git\trunk\framework\web\CWebApplication.php(282): CController->run('')
#12 C:\Users\jhoo\Desktop\www\yiipro.git\trunk\framework\web\CWebApplication.php(141): CWebApplication->runController('')
#13 C:\Users\jhoo\Desktop\www\yiipro.git\trunk\framework\base\CApplication.php(184): CWebApplication->processRequest()
#14 C:\Users\jhoo\Desktop\www\yiipro.git\trunk\blog\index.php(11): CApplication->run()
#15 {main}
REQUEST_URI=/
---
2015/02/27 10:40:27 [error] [exception.CException] exception 'CException' with message 'Either "reader" or "readPost" does not exist.' in C:\Users\jhoo\Desktop\www\yiipro.git\trunk\framework\web\auth\CDbAuthManager.php:170
Stack trace:
#0 C:\Users\jhoo\Desktop\www\yiipro.git\trunk\framework\web\auth\CAuthItem.php(193): CDbAuthManager->addItemChild('reader', 'readPost')
#1 C:\Users\jhoo\Desktop\www\yiipro.git\trunk\blog\protected\controllers\PostController.php(176): CAuthItem->addChild('readPost')
#2 C:\Users\jhoo\Desktop\www\yiipro.git\trunk\framework\web\actions\CInlineAction.php(49): PostController->actionIndex()
#3 C:\Users\jhoo\Desktop\www\yiipro.git\trunk\framework\web\CController.php(308): CInlineAction->runWithParams(Array)
#4 C:\Users\jhoo\Desktop\www\yiipro.git\trunk\framework\web\filters\CFilterChain.php(133): CController->runAction(Object(CInlineAction))
#5 C:\Users\jhoo\Desktop\www\yiipro.git\trunk\framework\web\filters\CFilter.php(40): CFilterChain->run()
#6 C:\Users\jhoo\Desktop\www\yiipro.git\trunk\framework\web\CController.php(1145): CFilter->filter(Object(CFilterChain))
#7 C:\Users\jhoo\Desktop\www\yiipro.git\trunk\framework\web\filters\CInlineFilter.php(58): CController->filterAccessControl(Object(CFilterChain))
#8 C:\Users\jhoo\Desktop\www\yiipro.git\trunk\framework\web\filters\CFilterChain.php(130): CInlineFilter->filter(Object(CFilterChain))
#9 C:\Users\jhoo\Desktop\www\yiipro.git\trunk\framework\web\CController.php(291): CFilterChain->run()
#10 C:\Users\jhoo\Desktop\www\yiipro.git\trunk\framework\web\CController.php(265): CController->runActionWithFilters(Object(CInlineAction), Array)
#11 C:\Users\jhoo\Desktop\www\yiipro.git\trunk\framework\web\CWebApplication.php(282): CController->run('')
#12 C:\Users\jhoo\Desktop\www\yiipro.git\trunk\framework\web\CWebApplication.php(141): CWebApplication->runController('')
#13 C:\Users\jhoo\Desktop\www\yiipro.git\trunk\framework\base\CApplication.php(184): CWebApplication->processRequest()
#14 C:\Users\jhoo\Desktop\www\yiipro.git\trunk\blog\index.php(11): CApplication->run()
#15 {main}
REQUEST_URI=/
---
2015/02/27 10:42:28 [error] [exception.CException] exception 'CException' with message 'Either "author" or "reader" does not exist.' in C:\Users\jhoo\Desktop\www\yiipro.git\trunk\framework\web\auth\CDbAuthManager.php:170
Stack trace:
#0 C:\Users\jhoo\Desktop\www\yiipro.git\trunk\framework\web\auth\CAuthItem.php(193): CDbAuthManager->addItemChild('author', 'reader')
#1 C:\Users\jhoo\Desktop\www\yiipro.git\trunk\blog\protected\controllers\PostController.php(176): CAuthItem->addChild('reader')
#2 C:\Users\jhoo\Desktop\www\yiipro.git\trunk\framework\web\actions\CInlineAction.php(49): PostController->actionIndex()
#3 C:\Users\jhoo\Desktop\www\yiipro.git\trunk\framework\web\CController.php(308): CInlineAction->runWithParams(Array)
#4 C:\Users\jhoo\Desktop\www\yiipro.git\trunk\framework\web\filters\CFilterChain.php(133): CController->runAction(Object(CInlineAction))
#5 C:\Users\jhoo\Desktop\www\yiipro.git\trunk\framework\web\filters\CFilter.php(40): CFilterChain->run()
#6 C:\Users\jhoo\Desktop\www\yiipro.git\trunk\framework\web\CController.php(1145): CFilter->filter(Object(CFilterChain))
#7 C:\Users\jhoo\Desktop\www\yiipro.git\trunk\framework\web\filters\CInlineFilter.php(58): CController->filterAccessControl(Object(CFilterChain))
#8 C:\Users\jhoo\Desktop\www\yiipro.git\trunk\framework\web\filters\CFilterChain.php(130): CInlineFilter->filter(Object(CFilterChain))
#9 C:\Users\jhoo\Desktop\www\yiipro.git\trunk\framework\web\CController.php(291): CFilterChain->run()
#10 C:\Users\jhoo\Desktop\www\yiipro.git\trunk\framework\web\CController.php(265): CController->runActionWithFilters(Object(CInlineAction), Array)
#11 C:\Users\jhoo\Desktop\www\yiipro.git\trunk\framework\web\CWebApplication.php(282): CController->run('')
#12 C:\Users\jhoo\Desktop\www\yiipro.git\trunk\framework\web\CWebApplication.php(141): CWebApplication->runController('')
#13 C:\Users\jhoo\Desktop\www\yiipro.git\trunk\framework\base\CApplication.php(184): CWebApplication->processRequest()
#14 C:\Users\jhoo\Desktop\www\yiipro.git\trunk\blog\index.php(11): CApplication->run()
#15 {main}
REQUEST_URI=/
---
2015/02/27 10:44:58 [error] [exception.CException] exception 'CException' with message 'Either "author" or "createPost" does not exist.' in C:\Users\jhoo\Desktop\www\yiipro.git\trunk\framework\web\auth\CDbAuthManager.php:170
Stack trace:
#0 C:\Users\jhoo\Desktop\www\yiipro.git\trunk\framework\web\auth\CAuthItem.php(193): CDbAuthManager->addItemChild('author', 'createPost')
#1 C:\Users\jhoo\Desktop\www\yiipro.git\trunk\blog\protected\controllers\PostController.php(177): CAuthItem->addChild('createPost')
#2 C:\Users\jhoo\Desktop\www\yiipro.git\trunk\framework\web\actions\CInlineAction.php(49): PostController->actionIndex()
#3 C:\Users\jhoo\Desktop\www\yiipro.git\trunk\framework\web\CController.php(308): CInlineAction->runWithParams(Array)
#4 C:\Users\jhoo\Desktop\www\yiipro.git\trunk\framework\web\filters\CFilterChain.php(133): CController->runAction(Object(CInlineAction))
#5 C:\Users\jhoo\Desktop\www\yiipro.git\trunk\framework\web\filters\CFilter.php(40): CFilterChain->run()
#6 C:\Users\jhoo\Desktop\www\yiipro.git\trunk\framework\web\CController.php(1145): CFilter->filter(Object(CFilterChain))
#7 C:\Users\jhoo\Desktop\www\yiipro.git\trunk\framework\web\filters\CInlineFilter.php(58): CController->filterAccessControl(Object(CFilterChain))
#8 C:\Users\jhoo\Desktop\www\yiipro.git\trunk\framework\web\filters\CFilterChain.php(130): CInlineFilter->filter(Object(CFilterChain))
#9 C:\Users\jhoo\Desktop\www\yiipro.git\trunk\framework\web\CController.php(291): CFilterChain->run()
#10 C:\Users\jhoo\Desktop\www\yiipro.git\trunk\framework\web\CController.php(265): CController->runActionWithFilters(Object(CInlineAction), Array)
#11 C:\Users\jhoo\Desktop\www\yiipro.git\trunk\framework\web\CWebApplication.php(282): CController->run('')
#12 C:\Users\jhoo\Desktop\www\yiipro.git\trunk\framework\web\CWebApplication.php(141): CWebApplication->runController('')
#13 C:\Users\jhoo\Desktop\www\yiipro.git\trunk\framework\base\CApplication.php(184): CWebApplication->processRequest()
#14 C:\Users\jhoo\Desktop\www\yiipro.git\trunk\blog\index.php(11): CApplication->run()
#15 {main}
REQUEST_URI=/
---
2015/02/27 10:48:10 [error] [exception.CException] exception 'CException' with message 'Either "reader" or "readPost" does not exist.' in C:\Users\jhoo\Desktop\www\yiipro.git\trunk\framework\web\auth\CDbAuthManager.php:170
Stack trace:
#0 C:\Users\jhoo\Desktop\www\yiipro.git\trunk\framework\web\auth\CAuthItem.php(193): CDbAuthManager->addItemChild('reader', 'readPost')
#1 C:\Users\jhoo\Desktop\www\yiipro.git\trunk\blog\protected\controllers\PostController.php(175): CAuthItem->addChild('readPost')
#2 C:\Users\jhoo\Desktop\www\yiipro.git\trunk\framework\web\actions\CInlineAction.php(49): PostController->actionIndex()
#3 C:\Users\jhoo\Desktop\www\yiipro.git\trunk\framework\web\CController.php(308): CInlineAction->runWithParams(Array)
#4 C:\Users\jhoo\Desktop\www\yiipro.git\trunk\framework\web\filters\CFilterChain.php(133): CController->runAction(Object(CInlineAction))
#5 C:\Users\jhoo\Desktop\www\yiipro.git\trunk\framework\web\filters\CFilter.php(40): CFilterChain->run()
#6 C:\Users\jhoo\Desktop\www\yiipro.git\trunk\framework\web\CController.php(1145): CFilter->filter(Object(CFilterChain))
#7 C:\Users\jhoo\Desktop\www\yiipro.git\trunk\framework\web\filters\CInlineFilter.php(58): CController->filterAccessControl(Object(CFilterChain))
#8 C:\Users\jhoo\Desktop\www\yiipro.git\trunk\framework\web\filters\CFilterChain.php(130): CInlineFilter->filter(Object(CFilterChain))
#9 C:\Users\jhoo\Desktop\www\yiipro.git\trunk\framework\web\CController.php(291): CFilterChain->run()
#10 C:\Users\jhoo\Desktop\www\yiipro.git\trunk\framework\web\CController.php(265): CController->runActionWithFilters(Object(CInlineAction), Array)
#11 C:\Users\jhoo\Desktop\www\yiipro.git\trunk\framework\web\CWebApplication.php(282): CController->run('')
#12 C:\Users\jhoo\Desktop\www\yiipro.git\trunk\framework\web\CWebApplication.php(141): CWebApplication->runController('')
#13 C:\Users\jhoo\Desktop\www\yiipro.git\trunk\framework\base\CApplication.php(184): CWebApplication->processRequest()
#14 C:\Users\jhoo\Desktop\www\yiipro.git\trunk\blog\index.php(11): CApplication->run()
#15 {main}
REQUEST_URI=/
---
2015/02/27 10:49:24 [error] [exception.CException] exception 'CException' with message 'Either "author" or "updateOwnPost" does not exist.' in C:\Users\jhoo\Desktop\www\yiipro.git\trunk\framework\web\auth\CDbAuthManager.php:170
Stack trace:
#0 C:\Users\jhoo\Desktop\www\yiipro.git\trunk\framework\web\auth\CAuthItem.php(193): CDbAuthManager->addItemChild('author', 'updateOwnPost')
#1 C:\Users\jhoo\Desktop\www\yiipro.git\trunk\blog\protected\controllers\PostController.php(185): CAuthItem->addChild('updateOwnPost')
#2 C:\Users\jhoo\Desktop\www\yiipro.git\trunk\framework\web\actions\CInlineAction.php(49): PostController->actionIndex()
#3 C:\Users\jhoo\Desktop\www\yiipro.git\trunk\framework\web\CController.php(308): CInlineAction->runWithParams(Array)
#4 C:\Users\jhoo\Desktop\www\yiipro.git\trunk\framework\web\filters\CFilterChain.php(133): CController->runAction(Object(CInlineAction))
#5 C:\Users\jhoo\Desktop\www\yiipro.git\trunk\framework\web\filters\CFilter.php(40): CFilterChain->run()
#6 C:\Users\jhoo\Desktop\www\yiipro.git\trunk\framework\web\CController.php(1145): CFilter->filter(Object(CFilterChain))
#7 C:\Users\jhoo\Desktop\www\yiipro.git\trunk\framework\web\filters\CInlineFilter.php(58): CController->filterAccessControl(Object(CFilterChain))
#8 C:\Users\jhoo\Desktop\www\yiipro.git\trunk\framework\web\filters\CFilterChain.php(130): CInlineFilter->filter(Object(CFilterChain))
#9 C:\Users\jhoo\Desktop\www\yiipro.git\trunk\framework\web\CController.php(291): CFilterChain->run()
#10 C:\Users\jhoo\Desktop\www\yiipro.git\trunk\framework\web\CController.php(265): CController->runActionWithFilters(Object(CInlineAction), Array)
#11 C:\Users\jhoo\Desktop\www\yiipro.git\trunk\framework\web\CWebApplication.php(282): CController->run('')
#12 C:\Users\jhoo\Desktop\www\yiipro.git\trunk\framework\web\CWebApplication.php(141): CWebApplication->runController('')
#13 C:\Users\jhoo\Desktop\www\yiipro.git\trunk\framework\base\CApplication.php(184): CWebApplication->processRequest()
#14 C:\Users\jhoo\Desktop\www\yiipro.git\trunk\blog\index.php(11): CApplication->run()
#15 {main}
REQUEST_URI=/
---
2015/02/27 10:56:57 [error] [php] Undefined variable: bizRule (C:\Users\jhoo\Desktop\www\yiipro.git\trunk\blog\protected\controllers\PostController.php:173)
Stack trace:
#0 C:\Users\jhoo\Desktop\www\yiipro.git\trunk\framework\web\filters\CFilterChain.php(133): PostController->runAction()
#1 C:\Users\jhoo\Desktop\www\yiipro.git\trunk\framework\web\filters\CFilter.php(40): CFilterChain->run()
#2 C:\Users\jhoo\Desktop\www\yiipro.git\trunk\framework\web\CController.php(1145): CAccessControlFilter->filter()
#3 C:\Users\jhoo\Desktop\www\yiipro.git\trunk\framework\web\filters\CInlineFilter.php(58): PostController->filterAccessControl()
#4 C:\Users\jhoo\Desktop\www\yiipro.git\trunk\framework\web\filters\CFilterChain.php(130): CInlineFilter->filter()
#5 C:\Users\jhoo\Desktop\www\yiipro.git\trunk\framework\web\CController.php(291): CFilterChain->run()
#6 C:\Users\jhoo\Desktop\www\yiipro.git\trunk\framework\web\CController.php(265): PostController->runActionWithFilters()
#7 C:\Users\jhoo\Desktop\www\yiipro.git\trunk\framework\web\CWebApplication.php(282): PostController->run()
#8 C:\Users\jhoo\Desktop\www\yiipro.git\trunk\framework\web\CWebApplication.php(141): CWebApplication->runController()
#9 C:\Users\jhoo\Desktop\www\yiipro.git\trunk\framework\base\CApplication.php(184): CWebApplication->processRequest()
#10 C:\Users\jhoo\Desktop\www\yiipro.git\trunk\blog\index.php(11): CWebApplication->run()
REQUEST_URI=/
2015/02/28 03:10:40 [error] [system.db.CDbCommand] CDbCommand::execute() failed: SQLSTATE[23000]: Integrity constraint violation: 1062 Duplicate entry '123' for key 'PRIMARY'. The SQL statement executed was: INSERT INTO `tbl_authitem` (`name`, `type`, `description`, `bizrule`, `data`) VALUES (:name, :type, :description, :bizrule, :data).
2015/02/28 03:10:40 [error] [exception.CDbException] exception 'CDbException' with message 'CDbCommand failed to execute the SQL statement: SQLSTATE[23000]: Integrity constraint violation: 1062 Duplicate entry '123' for key 'PRIMARY'' in C:\Users\jhoo\Desktop\yiipro.git\trunk\framework\db\CDbCommand.php:358
Stack trace:
#0 C:\Users\jhoo\Desktop\yiipro.git\trunk\framework\db\CDbCommand.php(1278): CDbCommand->execute(Array)
#1 C:\Users\jhoo\Desktop\yiipro.git\trunk\framework\web\auth\CDbAuthManager.php(444): CDbCommand->insert('tbl_authitem', Array)
#2 C:\Users\jhoo\Desktop\yiipro.git\trunk\framework\web\auth\CAuthManager.php(86): CDbAuthManager->createAuthItem('123', 1, 'update a post b...', '', NULL)
#3 C:\Users\jhoo\Desktop\yiipro.git\trunk\blog\protected\controllers\PostController.php(173): CAuthManager->createTask('123', 'update a post b...', '')
#4 C:\Users\jhoo\Desktop\yiipro.git\trunk\framework\web\actions\CInlineAction.php(49): PostController->actionIndex()
#5 C:\Users\jhoo\Desktop\yiipro.git\trunk\framework\web\CController.php(308): CInlineAction->runWithParams(Array)
#6 C:\Users\jhoo\Desktop\yiipro.git\trunk\framework\web\filters\CFilterChain.php(133): CController->runAction(Object(CInlineAction))
#7 C:\Users\jhoo\Desktop\yiipro.git\trunk\framework\web\filters\CFilter.php(40): CFilterChain->run()
#8 C:\Users\jhoo\Desktop\yiipro.git\trunk\framework\web\CController.php(1145): CFilter->filter(Object(CFilterChain))
#9 C:\Users\jhoo\Desktop\yiipro.git\trunk\framework\web\filters\CInlineFilter.php(58): CController->filterAccessControl(Object(CFilterChain))
#10 C:\Users\jhoo\Desktop\yiipro.git\trunk\framework\web\filters\CFilterChain.php(130): CInlineFilter->filter(Object(CFilterChain))
#11 C:\Users\jhoo\Desktop\yiipro.git\trunk\framework\web\CController.php(291): CFilterChain->run()
#12 C:\Users\jhoo\Desktop\yiipro.git\trunk\framework\web\CController.php(265): CController->runActionWithFilters(Object(CInlineAction), Array)
#13 C:\Users\jhoo\Desktop\yiipro.git\trunk\framework\web\CWebApplication.php(282): CController->run('')
#14 C:\Users\jhoo\Desktop\yiipro.git\trunk\framework\web\CWebApplication.php(141): CWebApplication->runController('')
#15 C:\Users\jhoo\Desktop\yiipro.git\trunk\framework\base\CApplication.php(184): CWebApplication->processRequest()
#16 C:\Users\jhoo\Desktop\yiipro.git\trunk\blog\index.php(11): CApplication->run()
#17 {main}
REQUEST_URI=/
---
